#
# A fatal error has been detected by the Java Runtime Environment:
#
#  EXCEPTION_ACCESS_VIOLATION (0xc0000005) at pc=0x00007ff946911627, pid=14828, tid=10536
#
# JRE version: OpenJDK Runtime Environment Temurin-22.0.2+9 (22.0.2+9) (build 22.0.2+9)
# Java VM: OpenJDK 64-Bit Server VM Temurin-22.0.2+9 (22.0.2+9, mixed mode, tiered, compressed oops, compressed class ptrs, g1 gc, windows-amd64)
# Problematic frame:
# V  [jvm.dll+0x371627]
#
# No core dump will be written. Minidumps are not enabled by default on client versions of Windows
#
# If you would like to submit a bug report, please visit:
#   https://github.com/adoptium/adoptium-support/issues
#

---------------  S U M M A R Y ------------

Command Line: -XX:+ShowCodeDetailsInExceptionMessages -agentlib:jdwp=transport=dt_socket,suspend=y,address=localhost:58014 -javaagent:C:\Users\Shakti Singh\eclipse\jee-2024-06\eclipse\configuration\org.eclipse.osgi\448\0\.cp\lib\javaagent-shaded.jar -Dfile.encoding=UTF-8 -Dstdout.encoding=UTF-8 -Dstderr.encoding=UTF-8 com.demo.App

Host: 12th Gen Intel(R) Core(TM) i5-1235U, 12 cores, 15G,  Windows 11 , 64 bit Build 22621 (10.0.22621.3958)
Time: Sat Sep 28 16:07:54 2024 India Standard Time elapsed time: 6961.600046 seconds (0d 1h 56m 1s)

---------------  T H R E A D  ---------------

Current thread (0x00000246180285a0):  WorkerThread "GC Thread#2"    [id=10536, stack(0x0000008d7f100000,0x0000008d7f200000) (1024K)]

Stack: [0x0000008d7f100000,0x0000008d7f200000],  sp=0x0000008d7f1fdea0,  free space=1015k
Native frames: (J=compiled Java code, j=interpreted, Vv=VM code, C=native code)
V  [jvm.dll+0x371627]  (no source info available)
V  [jvm.dll+0x31e820]  (no source info available)
V  [jvm.dll+0x31ee22]  (no source info available)
V  [jvm.dll+0x31e935]  (no source info available)
V  [jvm.dll+0x3faa75]  (no source info available)
V  [jvm.dll+0x8761d6]  (no source info available)
V  [jvm.dll+0x8800d1]  (no source info available)
V  [jvm.dll+0x371c5a]  (no source info available)
V  [jvm.dll+0x371aea]  (no source info available)
V  [jvm.dll+0x379424]  (no source info available)
V  [jvm.dll+0x37973b]  (no source info available)
V  [jvm.dll+0x8fcc97]  (no source info available)
V  [jvm.dll+0x875e6b]  (no source info available)
V  [jvm.dll+0x6e8da5]  (no source info available)
C  [ucrtbase.dll+0x29333]  (no source info available)
C  [KERNEL32.DLL+0x1257d]  (no source info available)
C  [ntdll.dll+0x5af28]  (no source info available)

JavaThread 0x000002461fd25c50 (nid = 39224) was being processed
Java frames: (J=compiled Java code, j=interpreted, Vv=VM code)
j  java.lang.invoke.DirectMethodHandle$Holder.newInvokeSpecial(Ljava/lang/Object;)Ljava/lang/Object;+15 java.base@22.0.2
J 2971 c1 jdk.internal.reflect.DirectConstructorHandleAccessor.newInstance([Ljava/lang/Object;)Ljava/lang/Object; java.base@22.0.2 (130 bytes) @ 0x00000246005e9dd4 [0x00000246005e81a0+0x0000000000001c34]
J 2710 c1 java.lang.reflect.Constructor.newInstanceWithCaller([Ljava/lang/Object;ZLjava/lang/Class;)Ljava/lang/Object; java.base@22.0.2 (51 bytes) @ 0x00000246005612dc [0x00000246005610e0+0x00000000000001fc]
J 3322 c1 org.springframework.beans.BeanUtils.instantiateClass(Ljava/lang/reflect/Constructor;[Ljava/lang/Object;)Ljava/lang/Object; (208 bytes) @ 0x00000246006d536c [0x00000246006d46c0+0x0000000000000cac]
j  org.springframework.beans.factory.support.SimpleInstantiationStrategy.instantiate(Lorg/springframework/beans/factory/support/RootBeanDefinition;Ljava/lang/String;Lorg/springframework/beans/factory/BeanFactory;)Ljava/lang/Object;+111
j  org.springframework.beans.factory.support.AbstractAutowireCapableBeanFactory.instantiateBean(Ljava/lang/String;Lorg/springframework/beans/factory/support/RootBeanDefinition;)Lorg/springframework/beans/BeanWrapper;+7
j  org.springframework.beans.factory.support.AbstractAutowireCapableBeanFactory.createBeanInstance(Ljava/lang/String;Lorg/springframework/beans/factory/support/RootBeanDefinition;[Ljava/lang/Object;)Lorg/springframework/beans/BeanWrapper;+241
J 6868 c1 org.springframework.beans.factory.support.AbstractAutowireCapableBeanFactory.doCreateBean(Ljava/lang/String;Lorg/springframework/beans/factory/support/RootBeanDefinition;[Ljava/lang/Object;)Ljava/lang/Object; (469 bytes) @ 0x000002460023478c [0x00000246002342a0+0x00000000000004ec]
j  org.springframework.beans.factory.support.AbstractAutowireCapableBeanFactory.createBean(Ljava/lang/String;Lorg/springframework/beans/factory/support/RootBeanDefinition;[Ljava/lang/Object;)Ljava/lang/Object;+153
j  org.springframework.beans.factory.support.AbstractBeanFactory.lambda$doGetBean$0(Ljava/lang/String;Lorg/springframework/beans/factory/support/RootBeanDefinition;[Ljava/lang/Object;)Ljava/lang/Object;+4
j  org.springframework.beans.factory.support.AbstractBeanFactory$$Lambda+0x00000000192e8d90.getObject()Ljava/lang/Object;+16
j  org.springframework.beans.factory.support.DefaultSingletonBeanRegistry.getSingleton(Ljava/lang/String;Lorg/springframework/beans/factory/ObjectFactory;)Ljava/lang/Object;+114
J 3199 c1 org.springframework.beans.factory.support.AbstractBeanFactory.doGetBean(Ljava/lang/String;Ljava/lang/Class;[Ljava/lang/Object;Z)Ljava/lang/Object; (787 bytes) @ 0x0000024600672dcc [0x0000024600670d60+0x000000000000206c]
J 6152 c1 org.springframework.beans.factory.support.AbstractBeanFactory.getBean(Ljava/lang/String;)Ljava/lang/Object; (9 bytes) @ 0x0000024600b771d4 [0x0000024600b77140+0x0000000000000094]
j  org.springframework.beans.factory.support.DefaultListableBeanFactory.preInstantiateSingletons()V+152
j  org.springframework.context.support.AbstractApplicationContext.finishBeanFactoryInitialization(Lorg/springframework/beans/factory/config/ConfigurableListableBeanFactory;)V+173
j  org.springframework.context.support.AbstractApplicationContext.refresh()V+94
j  org.springframework.boot.web.servlet.context.ServletWebServerApplicationContext.refresh()V+1
j  org.springframework.boot.SpringApplication.refresh(Lorg/springframework/context/ConfigurableApplicationContext;)V+1
j  org.springframework.boot.SpringApplication.refreshContext(Lorg/springframework/context/ConfigurableApplicationContext;)V+16
j  org.springframework.boot.SpringApplication.run([Ljava/lang/String;)Lorg/springframework/context/ConfigurableApplicationContext;+110
j  org.springframework.boot.SpringApplication.run([Ljava/lang/Class;[Ljava/lang/String;)Lorg/springframework/context/ConfigurableApplicationContext;+9
j  org.springframework.boot.SpringApplication.run(Ljava/lang/Class;[Ljava/lang/String;)Lorg/springframework/context/ConfigurableApplicationContext;+9
j  com.demo.App.main([Ljava/lang/String;)V+3
j  java.lang.invoke.LambdaForm$DMH+0x000000001917d000.invokeStatic(Ljava/lang/Object;Ljava/lang/Object;)V+10 java.base@22.0.2
j  java.lang.invoke.LambdaForm$MH+0x0000000019180000.invoke(Ljava/lang/Object;Ljava/lang/Object;Ljava/lang/Object;)Ljava/lang/Object;+33 java.base@22.0.2
J 4591 c1 jdk.internal.reflect.DirectMethodHandleAccessor.invoke(Ljava/lang/Object;[Ljava/lang/Object;)Ljava/lang/Object; java.base@22.0.2 (92 bytes) @ 0x000002460091b604 [0x000002460091a320+0x00000000000012e4]
J 4665 c1 java.lang.reflect.Method.invoke(Ljava/lang/Object;[Ljava/lang/Object;)Ljava/lang/Object; java.base@22.0.2 (108 bytes) @ 0x0000024600957a44 [0x0000024600957540+0x0000000000000504]
j  org.springframework.boot.devtools.restart.RestartLauncher.run()V+47
v  ~StubRoutines::call_stub 0x000002460753100d

siginfo: EXCEPTION_ACCESS_VIOLATION (0xc0000005), reading address 0x00001a4677e1e282


Registers:
RAX=0x000007ffffffffff, RBX=0x0000008d002fe1d0, RCX=0x0000000000000015, RDX=0x0000024677dd3940
RSP=0x0000008d7f1fdea0, RBP=0x0000008d7f1fe030, RSI=0x0000024619ad26e8, RDI=0x0000024619ad26e8
R8 =0x00007ff946ff1ad0, R9 =0x00001a4677e1e282, R10=0xfffffffffffffff7, R11=0x0000008d7f1fe098
R12=0x0000024617293a70, R13=0x0000024617293e58, R14=0x0000000000000000, R15=0x0000024617293a80
RIP=0x00007ff946911627, EFLAGS=0x0000000000010216


Register to memory mapping:

RAX=0x000007ffffffffff is an unknown value
RBX=0x0000008d002fe1d0 is pointing into the stack for thread: 0x000002461fd25c50
RCX=0x0000000000000015 is an unknown value
RDX=0x0000024677dd3940 points into unknown readable memory: 0x00007ff946fe83f8 | f8 83 fe 46 f9 7f 00 00
RSP=0x0000008d7f1fdea0 points into unknown readable memory: 0x0000008d7f1fdef0 | f0 de 1f 7f 8d 00 00 00
RBP=0x0000008d7f1fe030 points into unknown readable memory: 0x0000008d006ff288 | 88 f2 6f 00 8d 00 00 00
RSI=0x0000024619ad26e8 points into unknown readable memory: 0x00007ff946ff1ad0 | d0 1a ff 46 f9 7f 00 00
RDI=0x0000024619ad26e8 points into unknown readable memory: 0x00007ff946ff1ad0 | d0 1a ff 46 f9 7f 00 00
R8 =0x00007ff946ff1ad0 jvm.dll
R9 =0x00001a4677e1e282 is an unknown value
R10=0xfffffffffffffff7 is an unknown value
R11=0x0000008d7f1fe098 points into unknown readable memory: 0x00007ff9468be935 | 35 e9 8b 46 f9 7f 00 00
R12=0x0000024617293a70 points into unknown readable memory: 0x0000000000000000 | 00 00 00 00 00 00 00 00
R13=0x0000024617293e58 points into unknown readable memory: 0x80000800a090b55d | 5d b5 90 a0 00 08 00 80
R14=0x0 is null
R15=0x0000024617293a80 points into unknown readable memory: 0x00007ff946fc3e90 | 90 3e fc 46 f9 7f 00 00

Top of Stack: (sp=0x0000008d7f1fdea0)
0x0000008d7f1fdea0:   0000008d7f1fdef0 0000024619ad26e8
0x0000008d7f1fdeb0:   0000008d006ff130 00007ff9469116db
0x0000008d7f1fdec0:   0000008d7f1fe1d0 00007ff9468be820
0x0000008d7f1fded0:   0000008d7f1fdfb8 0000024619ad26e8
0x0000008d7f1fdee0:   0000000000000002 00007ff946c786f9
0x0000008d7f1fdef0:   00000246170dbd98 0000001300000001
0x0000008d7f1fdf00:   0000000000000032 000000017f1fe00c
0x0000008d7f1fdf10:   000002467f90ec18 0000000000000000
0x0000008d7f1fdf20:   0000000000000000 00007ff9468bee22
0x0000008d7f1fdf30:   0000008d002fe1d0 0000024617f539c0
0x0000008d7f1fdf40:   0000024617f539c0 0000024619ad26e8
0x0000008d7f1fdf50:   0000000f00000001 00000246133dca58
0x0000008d7f1fdf60:   00000246180285a0 0000024600000003
0x0000008d7f1fdf70:   00000246170dbd98 00000000000003d8
0x0000008d7f1fdf80:   00000246133dca47 00007ff9000000b8
0x0000008d7f1fdf90:   00000246133dca58 00007ff946fe6d18
0x0000008d7f1fdfa0:   0000008d7f1fe1d0 0000024619ad26e8
0x0000008d7f1fdfb0:   0000000400000003 00000246170dbd98
0x0000008d7f1fdfc0:   0000000000000063 0000000000000000
0x0000008d7f1fdfd0:   0000024619ad26e8 0000000000000001
0x0000008d7f1fdfe0:   0000008d7f1fe1d0 00000246170dbd98
0x0000008d7f1fdff0:   000000030000000e 0000000000000000
0x0000008d7f1fe000:   00007ff900000002 000002461ae88080
0x0000008d7f1fe010:   000002461304e330 0000000617290013
0x0000008d7f1fe020:   0000024600000000 0000000000000015
0x0000008d7f1fe030:   0000008d006ff288 00007ff9469116db
0x0000008d7f1fe040:   0000000000000000 0000008d00000003
0x0000008d7f1fe050:   0000c16b816200c5 00007ff9468cf647
0x0000008d7f1fe060:   00007ff946e1f0c0 00000000000003d8
0x0000008d7f1fe070:   0000024617293e58 0000024619ad26e8
0x0000008d7f1fe080:   0000000000000000 0000024619ad2790
0x0000008d7f1fe090:   0000024619ad26e8 00007ff9468be935 

Instructions: (pc=0x00007ff946911627)
0x00007ff946911527:   8b 17 0f b6 c2 24 03 3c 03 75 06 48 83 e2 fc eb
0x00007ff946911537:   2a 0f b7 44 24 38 4c 8b ca 48 8b 4b 10 48 8d 54
0x00007ff946911547:   24 40 66 89 44 24 40 4c 8b c7 0f b6 44 24 3a 88
0x00007ff946911557:   44 24 42 e8 f1 0d ff ff 48 8b d0 48 2b 15 af af
0x00007ff946911567:   8d 00 8b 0d b1 af 8d 00 48 d3 ea 89 16 eb 5e 3c
0x00007ff946911577:   fd 75 3b 41 8b 88 18 02 00 00 48 8b d7 49 8b 80
0x00007ff946911587:   10 02 00 00 48 d3 e0 8b 0d 2c 78 94 00 48 2b d0
0x00007ff946911597:   48 d3 ea 8b c2 48 8d 0c 40 49 8b 80 a8 05 00 00
0x00007ff9469115a7:   80 7c 01 01 fd 75 17 c6 44 01 01 ff eb 10 3c fc
0x00007ff9469115b7:   75 0c 48 8b 4b 10 48 8b d6 e8 4b f1 ff ff 8b 53
0x00007ff9469115c7:   18 4c 8b c7 48 8b 4b 28 e8 ac 2b fb ff 48 8b 4b
0x00007ff9469115d7:   10 e8 43 e7 fe ff 48 8b 7c 24 30 48 8b 5c 24 48
0x00007ff9469115e7:   48 83 c4 20 5e c3 cc cc cc 48 89 5c 24 08 57 48
0x00007ff9469115f7:   83 ec 20 4c 8b 12 48 8b da 48 8b f9 4d 85 d2 0f
0x00007ff946911607:   84 cf 00 00 00 48 8b 51 08 49 8b c2 8b 8a c8 05
0x00007ff946911617:   00 00 48 d3 e8 4c 8d 0c 40 4c 03 8a b8 05 00 00
0x00007ff946911627:   41 0f b7 01 66 89 44 24 38 41 0f b6 41 02 88 44
0x00007ff946911637:   24 3a 0f b6 44 24 39 84 c0 78 44 49 8b 0a 0f b6
0x00007ff946911647:   c1 24 03 3c 03 75 09 48 83 e1 fc 48 89 0b eb 7b
0x00007ff946911657:   0f b7 44 24 38 48 8d 54 24 40 66 89 44 24 40 4c
0x00007ff946911667:   8b c9 0f b6 44 24 3a 4d 8b c2 48 8b 4f 10 88 44
0x00007ff946911677:   24 42 e8 d2 0c ff ff 48 8b c8 48 89 03 eb 4c 3c
0x00007ff946911687:   fd 75 38 8b 8a 18 02 00 00 48 8b 82 10 02 00 00
0x00007ff946911697:   48 d3 e0 8b 0d 20 77 94 00 4c 2b d0 49 d3 ea 41
0x00007ff9469116a7:   8b c2 48 8d 0c 40 48 8b 82 a8 05 00 00 80 7c 01
0x00007ff9469116b7:   01 fd 75 17 c6 44 01 01 ff eb 10 3c fc 75 0c 48
0x00007ff9469116c7:   8b 4f 10 48 8b d3 e8 de ef ff ff 48 8b 4f 10 e8
0x00007ff9469116d7:   45 e6 fe ff 48 8b 5c 24 30 48 83 c4 20 5f c3 cc
0x00007ff9469116e7:   cc cc cc cc cc cc cc cc cc 48 89 5c 24 08 57 48
0x00007ff9469116f7:   83 ec 20 8b 02 48 8b fa 48 8b d9 85 c0 0f 84 eb
0x00007ff946911707:   00 00 00 8b 0d 10 ae 8d 00 44 8b c0 4c 8b 4b 08
0x00007ff946911717:   49 d3 e0 4c 03 05 f7 ad 8d 00 49 8b c0 41 8b 89 


Stack slot to memory mapping:

stack at sp + 0 slots: 0x0000008d7f1fdef0 points into unknown readable memory: 0x00000246170dbd98 | 98 bd 0d 17 46 02 00 00
stack at sp + 1 slots: 0x0000024619ad26e8 points into unknown readable memory: 0x00007ff946ff1ad0 | d0 1a ff 46 f9 7f 00 00
stack at sp + 2 slots: 0x0000008d006ff130 is pointing into the stack for thread: 0x000002461b4e58c0
stack at sp + 3 slots: 0x00007ff9469116db jvm.dll
stack at sp + 4 slots: 0x0000008d7f1fe1d0 points into unknown readable memory: 0x0000008d002fe1c8 | c8 e1 2f 00 8d 00 00 00
stack at sp + 5 slots: 0x00007ff9468be820 jvm.dll
stack at sp + 6 slots: 0x0000008d7f1fdfb8 points into unknown readable memory: 0x00000246170dbd98 | 98 bd 0d 17 46 02 00 00
stack at sp + 7 slots: 0x0000024619ad26e8 points into unknown readable memory: 0x00007ff946ff1ad0 | d0 1a ff 46 f9 7f 00 00


---------------  P R O C E S S  ---------------

Threads class SMR info:
_java_thread_list=0x0000024618c53720, length=24, elements={
0x0000024677dc21d0, 0x0000024617082e00, 0x00000246170839c0, 0x00000246170a2e50,
0x00000246170c1cb0, 0x00000246170c3720, 0x0000024617087990, 0x0000024617088c00,
0x00000246170cbfb0, 0x0000024617207b40, 0x00000246173c15f0, 0x00000246173c1c80,
0x00000246173c4290, 0x0000024617a34e80, 0x000002461b4c1510, 0x000002461b4e58c0,
0x000002461fd248a0, 0x000002461fd25c50, 0x000002461fd262e0, 0x000002461fd290d0,
0x000002461fd29760, 0x000002461fd283b0, 0x000002461fd29df0, 0x000002461fd27d20
}

Java Threads: ( => current thread )
  0x0000024677dc21d0 JavaThread "main"                              [_thread_blocked, id=32364, stack(0x0000008d7d900000,0x0000008d7da00000) (1024K)]
  0x0000024617082e00 JavaThread "Reference Handler"          daemon [_thread_blocked, id=31292, stack(0x0000008d7e100000,0x0000008d7e200000) (1024K)]
  0x00000246170839c0 JavaThread "Finalizer"                  daemon [_thread_blocked, id=40784, stack(0x0000008d7e200000,0x0000008d7e300000) (1024K)]
  0x00000246170a2e50 JavaThread "Signal Dispatcher"          daemon [_thread_blocked, id=8748, stack(0x0000008d7e300000,0x0000008d7e400000) (1024K)]
  0x00000246170c1cb0 JavaThread "Attach Listener"            daemon [_thread_blocked, id=9660, stack(0x0000008d7e400000,0x0000008d7e500000) (1024K)]
  0x00000246170c3720 JavaThread "Service Thread"             daemon [_thread_blocked, id=10720, stack(0x0000008d7e500000,0x0000008d7e600000) (1024K)]
  0x0000024617087990 JavaThread "Monitor Deflation Thread"   daemon [_thread_blocked, id=18984, stack(0x0000008d7e600000,0x0000008d7e700000) (1024K)]
  0x0000024617088c00 JavaThread "C2 CompilerThread0"         daemon [_thread_blocked, id=11700, stack(0x0000008d7e700000,0x0000008d7e800000) (1024K)]
  0x00000246170cbfb0 JavaThread "C1 CompilerThread0"         daemon [_thread_blocked, id=33176, stack(0x0000008d7e800000,0x0000008d7e900000) (1024K)]
  0x0000024617207b40 JavaThread "Common-Cleaner"             daemon [_thread_blocked, id=36528, stack(0x0000008d7e900000,0x0000008d7ea00000) (1024K)]
  0x00000246173c15f0 JavaThread "JDWP Transport Listener: dt_socket" daemon [_thread_blocked, id=9124, stack(0x0000008d7eb00000,0x0000008d7ec00000) (1024K)]
  0x00000246173c1c80 JavaThread "JDWP Event Helper Thread"   daemon [_thread_blocked, id=34888, stack(0x0000008d7ec00000,0x0000008d7ed00000) (1024K)]
  0x00000246173c4290 JavaThread "JDWP Command Reader"        daemon [_thread_in_native, id=40244, stack(0x0000008d7ed00000,0x0000008d7ee00000) (1024K)]
  0x0000024617a34e80 JavaThread "Notification Thread"        daemon [_thread_blocked, id=27616, stack(0x0000008d7ee00000,0x0000008d7ef00000) (1024K)]
  0x000002461b4c1510 JavaThread "mysql-cj-abandoned-connection-cleanup" daemon [_thread_blocked, id=35068, stack(0x0000008d00000000,0x0000008d00100000) (1024K)]
  0x000002461b4e58c0 JavaThread "Live Reload Server"         daemon [_thread_in_native, id=38820, stack(0x0000008d00600000,0x0000008d00700000) (1024K)]
  0x000002461fd248a0 JavaThread "Thread-5"                          [_thread_blocked, id=28392, stack(0x0000008d00300000,0x0000008d00400000) (1024K)]
  0x000002461fd25c50 JavaThread "restartedMain"                     [_thread_blocked, id=39224, stack(0x0000008d00200000,0x0000008d00300000) (1024K)]
  0x000002461fd262e0 JavaThread "Catalina-utility-1"                [_thread_blocked, id=32600, stack(0x0000008d00700000,0x0000008d00800000) (1024K)]
  0x000002461fd290d0 JavaThread "Catalina-utility-2"                [_thread_blocked, id=6448, stack(0x0000008d00800000,0x0000008d00900000) (1024K)]
  0x000002461fd29760 JavaThread "container-0"                       [_thread_blocked, id=39420, stack(0x0000008d00900000,0x0000008d00a00000) (1024K)]
  0x000002461fd283b0 JavaThread "HikariPool-2 housekeeper"   daemon [_thread_blocked, id=36112, stack(0x0000008d00a00000,0x0000008d00b00000) (1024K)]
  0x000002461fd29df0 JavaThread "HikariPool-2 connection closer" daemon [_thread_blocked, id=11252, stack(0x0000008d00100000,0x0000008d00200000) (1024K)]
  0x000002461fd27d20 JavaThread "HikariPool-2 connection adder" daemon [_thread_blocked, id=2156, stack(0x0000008d00400000,0x0000008d00500000) (1024K)]
Total: 24

Other Threads:
  0x000002467fa3c700 VMThread "VM Thread"                           [id=21636, stack(0x0000008d7e000000,0x0000008d7e100000) (1024K)]
  0x000002467f9ecb20 WatcherThread "VM Periodic Task Thread"        [id=1832, stack(0x0000008d7df00000,0x0000008d7e000000) (1024K)]
  0x0000024677e2b2b0 WorkerThread "GC Thread#0"                     [id=26952, stack(0x0000008d7da00000,0x0000008d7db00000) (1024K)]
  0x00000246180281f0 WorkerThread "GC Thread#1"                     [id=31452, stack(0x0000008d7f000000,0x0000008d7f100000) (1024K)]
=>0x00000246180285a0 WorkerThread "GC Thread#2"                     [id=10536, stack(0x0000008d7f100000,0x0000008d7f200000) (1024K)]
  0x0000024617f97d50 WorkerThread "GC Thread#3"                     [id=19520, stack(0x0000008d7f200000,0x0000008d7f300000) (1024K)]
  0x0000024617f98100 WorkerThread "GC Thread#4"                     [id=13760, stack(0x0000008d7f300000,0x0000008d7f400000) (1024K)]
  0x0000024617f984b0 WorkerThread "GC Thread#5"                     [id=40160, stack(0x0000008d7f400000,0x0000008d7f500000) (1024K)]
  0x000002461814d3a0 WorkerThread "GC Thread#6"                     [id=16048, stack(0x0000008d7f500000,0x0000008d7f600000) (1024K)]
  0x000002461814d750 WorkerThread "GC Thread#7"                     [id=39688, stack(0x0000008d7f600000,0x0000008d7f700000) (1024K)]
  0x00000246199f1980 WorkerThread "GC Thread#8"                     [id=38936, stack(0x0000008d7f900000,0x0000008d7fa00000) (1024K)]
  0x0000024619db5710 WorkerThread "GC Thread#9"                     [id=24932, stack(0x0000008d7fa00000,0x0000008d7fb00000) (1024K)]
  0x0000024677e37eb0 ConcurrentGCThread "G1 Main Marker"            [id=35244, stack(0x0000008d7db00000,0x0000008d7dc00000) (1024K)]
  0x0000024677e389c0 WorkerThread "G1 Conc#0"                       [id=31632, stack(0x0000008d7dc00000,0x0000008d7dd00000) (1024K)]
  0x000002461a93aa60 WorkerThread "G1 Conc#1"                       [id=6708, stack(0x0000008d7fc00000,0x0000008d7fd00000) (1024K)]
  0x000002461a939f50 WorkerThread "G1 Conc#2"                       [id=38840, stack(0x0000008d7fd00000,0x0000008d7fe00000) (1024K)]
  0x000002467f8bcec0 ConcurrentGCThread "G1 Refine#0"               [id=5060, stack(0x0000008d7dd00000,0x0000008d7de00000) (1024K)]
  0x000002467f8bd850 ConcurrentGCThread "G1 Service"                [id=37424, stack(0x0000008d7de00000,0x0000008d7df00000) (1024K)]
Total: 18

Threads with active compile tasks:
Total: 0

VM state: at safepoint (normal execution)

VM Mutex/Monitor currently owned by a thread:  ([mutex/lock_event])
[0x00007ff947280f80] Threads_lock - owner thread: 0x000002467fa3c700
[0x00007ff947281080] Heap_lock - owner thread: 0x000002461fd27d20

Heap address: 0x0000000705200000, size: 4014 MB, Compressed Oops mode: Zero based, Oop shift amount: 3

CDS archive(s) not mapped
Compressed class space mapped at: 0x0000000019000000-0x0000000059000000, reserved size: 1073741824
Narrow klass base: 0x0000000000000000, Narrow klass shift: 0, Narrow klass range: 0x59000000

GC Precious Log:
 CardTable entry size: 512
 Card Set container configuration: InlinePtr #cards 4 size 8 Array Of Cards #cards 16 size 48 Howl #buckets 8 coarsen threshold 3686 Howl Bitmap #cards 512 size 80 coarsen threshold 460 Card regions per heap region 1 cards per card region 4096
 CPUs: 12 total, 12 available
 Memory: 16052M
 Large Page Support: Disabled
 NUMA Support: Disabled
 Compressed Oops: Enabled (Zero based)
 Heap Region Size: 2M
 Heap Min Capacity: 8M
 Heap Initial Capacity: 252M
 Heap Max Capacity: 4014M
 Pre-touch: Disabled
 Parallel Workers: 10
 Concurrent Workers: 3
 Concurrent Refinement Workers: 10
 Periodic GC: Disabled

Heap:
 garbage-first heap   total reserved 4110336K, committed 96256K, used 81779K [0x0000000705200000, 0x0000000800000000)
  region size 2048K, 31 young (63488K), 3 survivors (6144K)
 Metaspace       used 79598K, committed 80384K, reserved 1179648K
  class space    used 10056K, committed 10432K, reserved 1048576K

Heap Regions: E=young(eden), S=young(survivor), O=old, HS=humongous(starts), HC=humongous(continues), CS=collection set, F=free, TAMS=top-at-mark-start, PB=parsable bottom
|   0|0x0000000705200000, 0x0000000705400000, 0x0000000705400000|100%| O|  |TAMS 0x0000000705200000| PB 0x0000000705200000| Untracked |  0
|   1|0x0000000705400000, 0x00000007055fffe8, 0x0000000705600000| 99%| O|  |TAMS 0x0000000705400000| PB 0x0000000705400000| Untracked |  0
|   2|0x0000000705600000, 0x0000000705800000, 0x0000000705800000|100%| O|  |TAMS 0x0000000705600000| PB 0x0000000705600000| Untracked |  0
|   3|0x0000000705800000, 0x00000007059fffb0, 0x0000000705a00000| 99%| O|  |TAMS 0x0000000705800000| PB 0x0000000705800000| Untracked |  0
|   4|0x0000000705a00000, 0x0000000705bfffd0, 0x0000000705c00000| 99%| O|  |TAMS 0x0000000705a00000| PB 0x0000000705a00000| Untracked |  0
|   5|0x0000000705c00000, 0x0000000705dffff0, 0x0000000705e00000| 99%| O|  |TAMS 0x0000000705c00000| PB 0x0000000705c00000| Untracked |  0
|   6|0x0000000705e00000, 0x0000000705fffff0, 0x0000000706000000| 99%| O|  |TAMS 0x0000000705e00000| PB 0x0000000705e00000| Untracked |  0
|   7|0x0000000706000000, 0x000000070617d0c0, 0x0000000706200000| 74%| O|  |TAMS 0x0000000706000000| PB 0x0000000706000000| Untracked |  0
|   8|0x0000000706200000, 0x000000070638bcc8, 0x0000000706400000| 77%| O|  |TAMS 0x0000000706200000| PB 0x0000000706200000| Untracked |  0
|   9|0x0000000706400000, 0x00000007065ffff0, 0x0000000706600000| 99%| O|  |TAMS 0x0000000706400000| PB 0x0000000706400000| Untracked |  0
|  10|0x0000000706600000, 0x0000000706800000, 0x0000000706800000|100%| O|  |TAMS 0x0000000706600000| PB 0x0000000706600000| Untracked |  0
|  11|0x0000000706800000, 0x00000007069fff50, 0x0000000706a00000| 99%| O|  |TAMS 0x0000000706800000| PB 0x0000000706800000| Untracked |  0
|  12|0x0000000706a00000, 0x0000000706a00000, 0x0000000706c00000|  0%| F|  |TAMS 0x0000000706a00000| PB 0x0000000706a00000| Untracked |  0
|  13|0x0000000706c00000, 0x0000000706c00000, 0x0000000706e00000|  0%| F|  |TAMS 0x0000000706c00000| PB 0x0000000706c00000| Untracked |  0
|  14|0x0000000706e00000, 0x0000000706e980e8, 0x0000000707000000| 29%| O|  |TAMS 0x0000000706e00000| PB 0x0000000706e00000| Untracked |  0
|  15|0x0000000707000000, 0x000000070703c088, 0x0000000707200000| 11%| O|  |TAMS 0x0000000707000000| PB 0x0000000707000000| Untracked |  0
|  16|0x0000000707200000, 0x00000007072df620, 0x0000000707400000| 43%| S|  |TAMS 0x0000000707200000| PB 0x0000000707200000| Complete |  0
|  17|0x0000000707400000, 0x0000000707600000, 0x0000000707600000|100%| S|  |TAMS 0x0000000707400000| PB 0x0000000707400000| Complete |  0
|  18|0x0000000707600000, 0x0000000707800000, 0x0000000707800000|100%| S|  |TAMS 0x0000000707600000| PB 0x0000000707600000| Complete |  0
|  19|0x0000000707800000, 0x0000000707a00000, 0x0000000707a00000|100%| E|CS|TAMS 0x0000000707800000| PB 0x0000000707800000| Complete |  0
|  20|0x0000000707a00000, 0x0000000707c00000, 0x0000000707c00000|100%| E|CS|TAMS 0x0000000707a00000| PB 0x0000000707a00000| Complete |  0
|  21|0x0000000707c00000, 0x0000000707e00000, 0x0000000707e00000|100%| E|CS|TAMS 0x0000000707c00000| PB 0x0000000707c00000| Complete |  0
|  22|0x0000000707e00000, 0x0000000708000000, 0x0000000708000000|100%| E|CS|TAMS 0x0000000707e00000| PB 0x0000000707e00000| Complete |  0
|  23|0x0000000708000000, 0x0000000708200000, 0x0000000708200000|100%| E|CS|TAMS 0x0000000708000000| PB 0x0000000708000000| Complete |  0
|  24|0x0000000708200000, 0x0000000708400000, 0x0000000708400000|100%| E|CS|TAMS 0x0000000708200000| PB 0x0000000708200000| Complete |  0
|  25|0x0000000708400000, 0x0000000708600000, 0x0000000708600000|100%| E|CS|TAMS 0x0000000708400000| PB 0x0000000708400000| Complete |  0
|  26|0x0000000708600000, 0x0000000708800000, 0x0000000708800000|100%| E|CS|TAMS 0x0000000708600000| PB 0x0000000708600000| Complete |  0
|  27|0x0000000708800000, 0x0000000708a00000, 0x0000000708a00000|100%| E|CS|TAMS 0x0000000708800000| PB 0x0000000708800000| Complete |  0
|  28|0x0000000708a00000, 0x0000000708c00000, 0x0000000708c00000|100%| E|CS|TAMS 0x0000000708a00000| PB 0x0000000708a00000| Complete |  0
|  29|0x0000000708c00000, 0x0000000708e00000, 0x0000000708e00000|100%| E|CS|TAMS 0x0000000708c00000| PB 0x0000000708c00000| Complete |  0
|  30|0x0000000708e00000, 0x0000000709000000, 0x0000000709000000|100%| E|CS|TAMS 0x0000000708e00000| PB 0x0000000708e00000| Complete |  0
|  31|0x0000000709000000, 0x0000000709200000, 0x0000000709200000|100%| E|CS|TAMS 0x0000000709000000| PB 0x0000000709000000| Complete |  0
|  32|0x0000000709200000, 0x0000000709400000, 0x0000000709400000|100%| E|CS|TAMS 0x0000000709200000| PB 0x0000000709200000| Complete |  0
|  33|0x0000000709400000, 0x0000000709600000, 0x0000000709600000|100%| E|CS|TAMS 0x0000000709400000| PB 0x0000000709400000| Complete |  0
|  34|0x0000000709600000, 0x0000000709800000, 0x0000000709800000|100%| E|CS|TAMS 0x0000000709600000| PB 0x0000000709600000| Complete |  0
|  35|0x0000000709800000, 0x0000000709a00000, 0x0000000709a00000|100%| E|CS|TAMS 0x0000000709800000| PB 0x0000000709800000| Complete |  0
|  36|0x0000000709a00000, 0x0000000709c00000, 0x0000000709c00000|100%| E|CS|TAMS 0x0000000709a00000| PB 0x0000000709a00000| Complete |  0
|  37|0x0000000709c00000, 0x0000000709e00000, 0x0000000709e00000|100%| E|CS|TAMS 0x0000000709c00000| PB 0x0000000709c00000| Complete |  0
|  38|0x0000000709e00000, 0x000000070a000000, 0x000000070a000000|100%| E|CS|TAMS 0x0000000709e00000| PB 0x0000000709e00000| Complete |  0
|  39|0x000000070a000000, 0x000000070a200000, 0x000000070a200000|100%| E|CS|TAMS 0x000000070a000000| PB 0x000000070a000000| Complete |  0
|  40|0x000000070a200000, 0x000000070a400000, 0x000000070a400000|100%| E|CS|TAMS 0x000000070a200000| PB 0x000000070a200000| Complete |  0
|  41|0x000000070a400000, 0x000000070a600000, 0x000000070a600000|100%| E|CS|TAMS 0x000000070a400000| PB 0x000000070a400000| Complete |  0
|  42|0x000000070a600000, 0x000000070a800000, 0x000000070a800000|100%| E|CS|TAMS 0x000000070a600000| PB 0x000000070a600000| Complete |  0
|  69|0x000000070dc00000, 0x000000070de00000, 0x000000070de00000|100%| E|CS|TAMS 0x000000070dc00000| PB 0x000000070dc00000| Complete |  0
|  70|0x000000070de00000, 0x000000070e000000, 0x000000070e000000|100%| E|CS|TAMS 0x000000070de00000| PB 0x000000070de00000| Complete |  0
| 111|0x0000000713000000, 0x0000000713200000, 0x0000000713200000|100%| E|CS|TAMS 0x0000000713000000| PB 0x0000000713000000| Complete |  0
| 125|0x0000000714c00000, 0x0000000714e00000, 0x0000000714e00000|100%| E|CS|TAMS 0x0000000714c00000| PB 0x0000000714c00000| Complete |  0

Card table byte_map: [0x000002467c5d0000,0x000002467cdb0000] _byte_map_base: 0x0000024678da7000

Marking Bits: (CMBitMap*) 0x0000024677e2b9c0
 Bits: [0x000002460f000000, 0x0000024612eb8000)

Polling page: 0x0000024675d50000

Metaspace:

Usage:
  Non-class:     67.91 MB used.
      Class:      9.82 MB used.
       Both:     77.73 MB used.

Virtual space:
  Non-class space:      128.00 MB reserved,      68.31 MB ( 53%) committed,  2 nodes.
      Class space:        1.00 GB reserved,      10.19 MB ( <1%) committed,  1 nodes.
             Both:        1.12 GB reserved,      78.50 MB (  7%) committed. 

Chunk freelists:
   Non-Class:  10.86 MB
       Class:  5.69 MB
        Both:  16.54 MB

MaxMetaspaceSize: unlimited
CompressedClassSpaceSize: 1.00 GB
Initial GC threshold: 21.00 MB
Current GC threshold: 129.69 MB
CDS: off
 - commit_granule_bytes: 65536.
 - commit_granule_words: 8192.
 - virtual_space_node_default_size: 8388608.
 - enlarge_chunks_in_place: 1.
 - use_allocation_guard: 0.


Internal statistics:

num_allocs_failed_limit: 9.
num_arena_births: 946.
num_arena_deaths: 0.
num_vsnodes_births: 3.
num_vsnodes_deaths: 0.
num_space_committed: 1256.
num_space_uncommitted: 0.
num_chunks_returned_to_freelist: 9.
num_chunks_taken_from_freelist: 3371.
num_chunk_merges: 9.
num_chunk_splits: 2375.
num_chunks_enlarged: 1802.
num_inconsistent_stats: 0.

CodeHeap 'non-profiled nmethods': size=120000Kb used=6203Kb max_used=6203Kb free=113796Kb
 bounds [0x0000024607ad0000, 0x00000246080e0000, 0x000002460f000000]
CodeHeap 'profiled nmethods': size=120000Kb used=14206Kb max_used=14206Kb free=105793Kb
 bounds [0x0000024600000000, 0x0000024600de0000, 0x0000024607530000]
CodeHeap 'non-nmethods': size=5760Kb used=1793Kb max_used=1887Kb free=3966Kb
 bounds [0x0000024607530000, 0x00000246077a0000, 0x0000024607ad0000]
 total_blobs=7614 nmethods=6864 adapters=653
 compilation: enabled
              stopped_count=0, restarted_count=0
 full_count=0

Compilation events (20 events):
Event: 6678.172 Thread 0x00000246170cbfb0 7820  s    3       org.apache.catalina.core.StandardWrapper::backgroundProcess (38 bytes)
Event: 6678.172 Thread 0x00000246170cbfb0 nmethod 7820 0x0000024600ddcf10 code [0x0000024600ddd100, 0x0000024600ddd750]
Event: 6738.194 Thread 0x0000024617088c00 7821       4       java.util.HashMap::valuesToArray (81 bytes)
Event: 6738.199 Thread 0x0000024617088c00 nmethod 7821 0x00000246080dd610 code [0x00000246080dd7a0, 0x00000246080ddac0]
Event: 6818.263 Thread 0x0000024617088c00 7822       4       java.util.HashMap::valuesToArray (81 bytes)
Event: 6818.274 Thread 0x0000024617088c00 nmethod 7822 0x00000246080ddc90 code [0x00000246080dde40, 0x00000246080de4c0]
Event: 6961.547 Thread 0x00000246170cbfb0 7823       3       javax.crypto.Cipher::getOutputSize (53 bytes)
Event: 6961.548 Thread 0x00000246170cbfb0 nmethod 7823 0x0000024600ddd890 code [0x0000024600dddaa0, 0x0000024600dde020]
Event: 6961.548 Thread 0x00000246170cbfb0 7824       3       com.sun.crypto.provider.GaloisCounterMode::engineGetOutputSize (14 bytes)
Event: 6961.548 Thread 0x00000246170cbfb0 nmethod 7824 0x0000024600dde210 code [0x0000024600dde3c0, 0x0000024600dde660]
Event: 6961.548 Thread 0x00000246170cbfb0 7825       3       com.sun.crypto.provider.GaloisCounterMode$GCMEncrypt::getOutputSize (40 bytes)
Event: 6961.549 Thread 0x00000246170cbfb0 nmethod 7825 0x0000024600dde790 code [0x0000024600dde960, 0x0000024600ddee88]
Event: 6961.549 Thread 0x00000246170cbfb0 7826       3       com.sun.crypto.provider.GaloisCounterMode$EncryptOp::doFinal (32 bytes)
Event: 6961.549 Thread 0x00000246170cbfb0 nmethod 7826 0x0000024600ddf090 code [0x0000024600ddf260, 0x0000024600ddf5a0]
Event: 6961.562 Thread 0x00000246170cbfb0 7827       3       com.mysql.cj.conf.DefaultPropertySet::getEnumProperty (6 bytes)
Event: 6961.563 Thread 0x00000246170cbfb0 nmethod 7827 0x0000024600ddf710 code [0x0000024600ddf8c0, 0x0000024600ddfa88]
Event: 6961.563 Thread 0x00000246170cbfb0 7828       1       com.mysql.cj.protocol.a.NativeServerSession::getCapabilities (5 bytes)
Event: 6961.563 Thread 0x00000246170cbfb0 nmethod 7828 0x00000246080de710 code [0x00000246080de8a0, 0x00000246080de970]
Event: 6961.564 Thread 0x0000024617088c00 7829       4       java.util.Arrays$ArrayItr::next (36 bytes)
Event: 6961.565 Thread 0x0000024617088c00 nmethod 7829 0x00000246080dea10 code [0x00000246080deba0, 0x00000246080deca0]

GC Heap History (20 events):
Event: 4.601 GC heap after
{Heap after GC invocations=12 (full 0):
 garbage-first heap   total reserved 4110336K, committed 65536K, used 18020K [0x0000000705200000, 0x0000000800000000)
  region size 2048K, 2 young (4096K), 2 survivors (4096K)
 Metaspace       used 42259K, committed 42816K, reserved 1114112K
  class space    used 4874K, committed 5120K, reserved 1048576K
}
Event: 5.017 GC heap before
{Heap before GC invocations=12 (full 0):
 garbage-first heap   total reserved 4110336K, committed 65536K, used 52836K [0x0000000705200000, 0x0000000800000000)
  region size 2048K, 19 young (38912K), 2 survivors (4096K)
 Metaspace       used 45469K, committed 46080K, reserved 1114112K
  class space    used 5318K, committed 5568K, reserved 1048576K
}
Event: 5.023 GC heap after
{Heap after GC invocations=13 (full 0):
 garbage-first heap   total reserved 4110336K, committed 79872K, used 18832K [0x0000000705200000, 0x0000000800000000)
  region size 2048K, 1 young (2048K), 1 survivors (2048K)
 Metaspace       used 45469K, committed 46080K, reserved 1114112K
  class space    used 5318K, committed 5568K, reserved 1048576K
}
Event: 5.632 GC heap before
{Heap before GC invocations=13 (full 0):
 garbage-first heap   total reserved 4110336K, committed 79872K, used 63888K [0x0000000705200000, 0x0000000800000000)
  region size 2048K, 23 young (47104K), 1 survivors (2048K)
 Metaspace       used 49440K, committed 50048K, reserved 1114112K
  class space    used 6007K, committed 6272K, reserved 1048576K
}
Event: 5.636 GC heap after
{Heap after GC invocations=14 (full 0):
 garbage-first heap   total reserved 4110336K, committed 79872K, used 19456K [0x0000000705200000, 0x0000000800000000)
  region size 2048K, 2 young (4096K), 2 survivors (4096K)
 Metaspace       used 49440K, committed 50048K, reserved 1114112K
  class space    used 6007K, committed 6272K, reserved 1048576K
}
Event: 6.244 GC heap before
{Heap before GC invocations=14 (full 0):
 garbage-first heap   total reserved 4110336K, committed 79872K, used 62464K [0x0000000705200000, 0x0000000800000000)
  region size 2048K, 23 young (47104K), 2 survivors (4096K)
 Metaspace       used 56957K, committed 57536K, reserved 1114112K
  class space    used 6884K, committed 7104K, reserved 1048576K
}
Event: 6.249 GC heap after
{Heap after GC invocations=15 (full 0):
 garbage-first heap   total reserved 4110336K, committed 79872K, used 21413K [0x0000000705200000, 0x0000000800000000)
  region size 2048K, 3 young (6144K), 3 survivors (6144K)
 Metaspace       used 56957K, committed 57536K, reserved 1114112K
  class space    used 6884K, committed 7104K, reserved 1048576K
}
Event: 6.772 GC heap before
{Heap before GC invocations=15 (full 0):
 garbage-first heap   total reserved 4110336K, committed 79872K, used 54181K [0x0000000705200000, 0x0000000800000000)
  region size 2048K, 20 young (40960K), 3 survivors (6144K)
 Metaspace       used 59896K, committed 60416K, reserved 1114112K
  class space    used 7289K, committed 7552K, reserved 1048576K
}
Event: 6.777 GC heap after
{Heap after GC invocations=16 (full 0):
 garbage-first heap   total reserved 4110336K, committed 79872K, used 22908K [0x0000000705200000, 0x0000000800000000)
  region size 2048K, 3 young (6144K), 3 survivors (6144K)
 Metaspace       used 59896K, committed 60416K, reserved 1114112K
  class space    used 7289K, committed 7552K, reserved 1048576K
}
Event: 7.327 GC heap before
{Heap before GC invocations=17 (full 0):
 garbage-first heap   total reserved 4110336K, committed 79872K, used 61820K [0x0000000705200000, 0x0000000800000000)
  region size 2048K, 23 young (47104K), 3 survivors (6144K)
 Metaspace       used 64126K, committed 64640K, reserved 1114112K
  class space    used 7917K, committed 8128K, reserved 1048576K
}
Event: 7.333 GC heap after
{Heap after GC invocations=18 (full 0):
 garbage-first heap   total reserved 4110336K, committed 79872K, used 23365K [0x0000000705200000, 0x0000000800000000)
  region size 2048K, 2 young (4096K), 2 survivors (4096K)
 Metaspace       used 64126K, committed 64640K, reserved 1114112K
  class space    used 7917K, committed 8128K, reserved 1048576K
}
Event: 7.730 GC heap before
{Heap before GC invocations=18 (full 0):
 garbage-first heap   total reserved 4110336K, committed 79872K, used 66373K [0x0000000705200000, 0x0000000800000000)
  region size 2048K, 23 young (47104K), 2 survivors (4096K)
 Metaspace       used 68384K, committed 68928K, reserved 1114112K
  class space    used 8616K, committed 8832K, reserved 1048576K
}
Event: 7.735 GC heap after
{Heap after GC invocations=19 (full 0):
 garbage-first heap   total reserved 4110336K, committed 79872K, used 24886K [0x0000000705200000, 0x0000000800000000)
  region size 2048K, 2 young (4096K), 2 survivors (4096K)
 Metaspace       used 68384K, committed 68928K, reserved 1114112K
  class space    used 8616K, committed 8832K, reserved 1048576K
}
Event: 8.123 GC heap before
{Heap before GC invocations=19 (full 0):
 garbage-first heap   total reserved 4110336K, committed 79872K, used 67894K [0x0000000705200000, 0x0000000800000000)
  region size 2048K, 23 young (47104K), 2 survivors (4096K)
 Metaspace       used 72643K, committed 73216K, reserved 1114112K
  class space    used 9134K, committed 9344K, reserved 1048576K
}
Event: 8.128 GC heap after
{Heap after GC invocations=20 (full 0):
 garbage-first heap   total reserved 4110336K, committed 96256K, used 25145K [0x0000000705200000, 0x0000000800000000)
  region size 2048K, 2 young (4096K), 2 survivors (4096K)
 Metaspace       used 72643K, committed 73216K, reserved 1114112K
  class space    used 9134K, committed 9344K, reserved 1048576K
}
Event: 8.911 GC heap before
{Heap before GC invocations=20 (full 0):
 garbage-first heap   total reserved 4110336K, committed 96256K, used 78393K [0x0000000705200000, 0x0000000800000000)
  region size 2048K, 28 young (57344K), 2 survivors (4096K)
 Metaspace       used 76488K, committed 77120K, reserved 1179648K
  class space    used 9708K, committed 9984K, reserved 1048576K
}
Event: 8.919 GC heap after
{Heap after GC invocations=21 (full 0):
 garbage-first heap   total reserved 4110336K, committed 96256K, used 28233K [0x0000000705200000, 0x0000000800000000)
  region size 2048K, 3 young (6144K), 3 survivors (6144K)
 Metaspace       used 76488K, committed 77120K, reserved 1179648K
  class space    used 9708K, committed 9984K, reserved 1048576K
}
Event: 184.523 GC heap before
{Heap before GC invocations=21 (full 0):
 garbage-first heap   total reserved 4110336K, committed 96256K, used 52809K [0x0000000705200000, 0x0000000800000000)
  region size 2048K, 17 young (34816K), 3 survivors (6144K)
 Metaspace       used 78940K, committed 79680K, reserved 1179648K
  class space    used 10033K, committed 10368K, reserved 1048576K
}
Event: 184.589 GC heap after
{Heap after GC invocations=22 (full 1):
 garbage-first heap   total reserved 4110336K, committed 96256K, used 24435K [0x0000000705200000, 0x0000000800000000)
  region size 2048K, 0 young (0K), 0 survivors (0K)
 Metaspace       used 78940K, committed 79680K, reserved 1179648K
  class space    used 10033K, committed 10368K, reserved 1048576K
}
Event: 6961.574 GC heap before
{Heap before GC invocations=22 (full 1):
 garbage-first heap   total reserved 4110336K, committed 96256K, used 81779K [0x0000000705200000, 0x0000000800000000)
  region size 2048K, 28 young (57344K), 0 survivors (0K)
 Metaspace       used 79598K, committed 80384K, reserved 1179648K
  class space    used 10056K, committed 10432K, reserved 1048576K
}

Dll operation events (13 events):
Event: 0.012 Loaded shared library C:\Users\Shakti Singh\.p2\pool\plugins\org.eclipse.justj.openjdk.hotspot.jre.full.win32.x86_64_22.0.2.v20240802-1626\jre\bin\java.dll
Event: 0.019 Loaded shared library C:\Users\Shakti Singh\.p2\pool\plugins\org.eclipse.justj.openjdk.hotspot.jre.full.win32.x86_64_22.0.2.v20240802-1626\jre\bin\zip.dll
Event: 0.206 Loaded shared library C:\Users\Shakti Singh\.p2\pool\plugins\org.eclipse.justj.openjdk.hotspot.jre.full.win32.x86_64_22.0.2.v20240802-1626\jre\bin\instrument.dll
Event: 0.214 Loaded shared library C:\Users\Shakti Singh\.p2\pool\plugins\org.eclipse.justj.openjdk.hotspot.jre.full.win32.x86_64_22.0.2.v20240802-1626\jre\bin\net.dll
Event: 0.215 Loaded shared library C:\Users\Shakti Singh\.p2\pool\plugins\org.eclipse.justj.openjdk.hotspot.jre.full.win32.x86_64_22.0.2.v20240802-1626\jre\bin\nio.dll
Event: 0.220 Loaded shared library C:\Users\Shakti Singh\.p2\pool\plugins\org.eclipse.justj.openjdk.hotspot.jre.full.win32.x86_64_22.0.2.v20240802-1626\jre\bin\zip.dll
Event: 0.354 Loaded shared library C:\Users\Shakti Singh\.p2\pool\plugins\org.eclipse.justj.openjdk.hotspot.jre.full.win32.x86_64_22.0.2.v20240802-1626\jre\bin\jimage.dll
Event: 0.402 Loaded shared library C:\Users\Shakti Singh\.p2\pool\plugins\org.eclipse.justj.openjdk.hotspot.jre.full.win32.x86_64_22.0.2.v20240802-1626\jre\bin\verify.dll
Event: 0.763 Loaded shared library C:\Users\Shakti Singh\.p2\pool\plugins\org.eclipse.justj.openjdk.hotspot.jre.full.win32.x86_64_22.0.2.v20240802-1626\jre\bin\management.dll
Event: 0.765 Loaded shared library C:\Users\Shakti Singh\.p2\pool\plugins\org.eclipse.justj.openjdk.hotspot.jre.full.win32.x86_64_22.0.2.v20240802-1626\jre\bin\management_ext.dll
Event: 1.533 Loaded shared library C:\Users\Shakti Singh\.p2\pool\plugins\org.eclipse.justj.openjdk.hotspot.jre.full.win32.x86_64_22.0.2.v20240802-1626\jre\bin\le.dll
Event: 2.321 Loaded shared library C:\Users\Shakti Singh\.p2\pool\plugins\org.eclipse.justj.openjdk.hotspot.jre.full.win32.x86_64_22.0.2.v20240802-1626\jre\bin\sunmscapi.dll
Event: 5.822 Loaded shared library C:\Users\Shakti Singh\.p2\pool\plugins\org.eclipse.justj.openjdk.hotspot.jre.full.win32.x86_64_22.0.2.v20240802-1626\jre\bin\extnet.dll

Deoptimization events (20 events):
Event: 6961.548 Thread 0x000002461fd29df0 DEOPT PACKING pc=0x0000024600d9e1f4 sp=0x0000008d001feb40
Event: 6961.548 Thread 0x000002461fd29df0 DEOPT UNPACKING pc=0x0000024607584e42 sp=0x0000008d001fdfe8 mode 1
Event: 6961.548 Thread 0x000002461fd29df0 DEOPT PACKING pc=0x0000024600d9d7cc sp=0x0000008d001feba0
Event: 6961.548 Thread 0x000002461fd29df0 DEOPT UNPACKING pc=0x0000024607584e42 sp=0x0000008d001fe058 mode 1
Event: 6961.548 Thread 0x000002461fd29df0 DEOPT PACKING pc=0x0000024600d9d2b4 sp=0x0000008d001fec20
Event: 6961.548 Thread 0x000002461fd29df0 DEOPT UNPACKING pc=0x0000024607584e42 sp=0x0000008d001fe0e8 mode 1
Event: 6961.548 Thread 0x000002461fd29df0 DEOPT PACKING pc=0x0000024600a806d4 sp=0x0000008d001fe780
Event: 6961.548 Thread 0x000002461fd29df0 DEOPT UNPACKING pc=0x0000024607584e42 sp=0x0000008d001fdbd0 mode 1
Event: 6961.548 Thread 0x000002461fd29df0 DEOPT PACKING pc=0x0000024600cdb804 sp=0x0000008d001fe830
Event: 6961.548 Thread 0x000002461fd29df0 DEOPT UNPACKING pc=0x0000024607584e42 sp=0x0000008d001fdce8 mode 1
Event: 6961.548 Thread 0x000002461fd29df0 DEOPT PACKING pc=0x0000024600c97b44 sp=0x0000008d001fe8e0
Event: 6961.548 Thread 0x000002461fd29df0 DEOPT UNPACKING pc=0x0000024607584e42 sp=0x0000008d001fddf0 mode 1
Event: 6961.548 Thread 0x000002461fd29df0 DEOPT PACKING pc=0x0000024600c9b8bc sp=0x0000008d001fe9d0
Event: 6961.548 Thread 0x000002461fd29df0 DEOPT UNPACKING pc=0x0000024607584e42 sp=0x0000008d001fdef8 mode 1
Event: 6961.548 Thread 0x000002461fd29df0 DEOPT PACKING pc=0x0000024600c9ad74 sp=0x0000008d001fead0
Event: 6961.548 Thread 0x000002461fd29df0 DEOPT UNPACKING pc=0x0000024607584e42 sp=0x0000008d001fdf78 mode 1
Event: 6961.548 Thread 0x000002461fd29df0 DEOPT PACKING pc=0x0000024600c9a24c sp=0x0000008d001feb30
Event: 6961.549 Thread 0x000002461fd29df0 DEOPT UNPACKING pc=0x0000024607584e42 sp=0x0000008d001fdfe8 mode 1
Event: 6961.549 Thread 0x000002461fd29df0 DEOPT PACKING pc=0x0000024600c97434 sp=0x0000008d001febb0
Event: 6961.549 Thread 0x000002461fd29df0 DEOPT UNPACKING pc=0x0000024607584e42 sp=0x0000008d001fe080 mode 1

Classes loaded (20 events):
Event: 184.494 Loading class sun/security/ssl/Alert$AlertConsumer
Event: 184.494 Loading class sun/security/ssl/Alert$AlertConsumer done
Event: 184.494 Loading class sun/security/ssl/Alert$Level
Event: 184.494 Loading class sun/security/ssl/Alert$Level done
Event: 184.496 Loading class sun/net/ConnectionResetException
Event: 184.496 Loading class sun/net/ConnectionResetException done
Event: 184.521 Loading class java/util/WeakHashMap$KeyIterator
Event: 184.521 Loading class java/util/WeakHashMap$HashIterator
Event: 184.521 Loading class java/util/WeakHashMap$HashIterator done
Event: 184.521 Loading class java/util/WeakHashMap$KeyIterator done
Event: 184.589 Loading class java/lang/ref/Finalizer$2
Event: 184.589 Loading class java/lang/ref/Finalizer$2 done
Event: 184.590 Loading class java/lang/ref/Finalizer$1
Event: 184.590 Loading class java/lang/ref/Finalizer$1 done
Event: 185.130 Loading class java/util/WeakHashMap$EntrySet
Event: 185.131 Loading class java/util/WeakHashMap$EntrySet done
Event: 185.131 Loading class java/util/WeakHashMap$EntryIterator
Event: 185.131 Loading class java/util/WeakHashMap$EntryIterator done
Event: 185.508 Loading class java/lang/invoke/WrongMethodTypeException
Event: 185.508 Loading class java/lang/invoke/WrongMethodTypeException done

Classes unloaded (0 events):
No events

Classes redefined (4 events):
Event: 5807.236 Thread 0x000002467fa3c700 redefined class name=com.demo.entity.Student, count=1
Event: 5807.236 Thread 0x000002467fa3c700 redefined class name=com.demo.entity.Student, count=1
Event: 5821.517 Thread 0x000002467fa3c700 redefined class name=com.demo.entity.Student, count=2
Event: 5821.517 Thread 0x000002467fa3c700 redefined class name=com.demo.entity.Student, count=2

Internal exceptions (20 events):
Event: 3437.110 Thread 0x000002461fd26970 Exception <a 'java/io/IOException'{0x00000007083a31d8}> (0x00000007083a31d8) 
thrown [s\src\hotspot\share\prims\jni.cpp, line 520]
Event: 3437.110 Thread 0x000002461fd26970 Exception <a 'java/io/IOException'{0x00000007083a3e40}> (0x00000007083a3e40) 
thrown [s\src\hotspot\share\prims\jni.cpp, line 520]
Event: 3437.111 Thread 0x000002461fd26970 Exception <a 'java/io/IOException'{0x00000007083a5de8}> (0x00000007083a5de8) 
thrown [s\src\hotspot\share\prims\jni.cpp, line 520]
Event: 3437.112 Thread 0x000002461fd26970 Exception <a 'java/io/IOException'{0x00000007083a6a50}> (0x00000007083a6a50) 
thrown [s\src\hotspot\share\prims\jni.cpp, line 520]
Event: 3437.113 Thread 0x000002461fd26970 Exception <a 'java/io/IOException'{0x00000007083a89d0}> (0x00000007083a89d0) 
thrown [s\src\hotspot\share\prims\jni.cpp, line 520]
Event: 3437.114 Thread 0x000002461fd26970 Exception <a 'java/io/IOException'{0x00000007083a9638}> (0x00000007083a9638) 
thrown [s\src\hotspot\share\prims\jni.cpp, line 520]
Event: 3437.115 Thread 0x000002461fd26970 Exception <a 'java/io/IOException'{0x00000007083ab5c8}> (0x00000007083ab5c8) 
thrown [s\src\hotspot\share\prims\jni.cpp, line 520]
Event: 3437.116 Thread 0x000002461fd26970 Exception <a 'java/io/IOException'{0x00000007083ac230}> (0x00000007083ac230) 
thrown [s\src\hotspot\share\prims\jni.cpp, line 520]
Event: 3437.117 Thread 0x000002461fd26970 Exception <a 'java/io/IOException'{0x00000007083ae1e8}> (0x00000007083ae1e8) 
thrown [s\src\hotspot\share\prims\jni.cpp, line 520]
Event: 3437.119 Thread 0x000002461fd26970 Exception <a 'java/io/IOException'{0x00000007083b0178}> (0x00000007083b0178) 
thrown [s\src\hotspot\share\prims\jni.cpp, line 520]
Event: 3437.119 Thread 0x000002461fd26970 Exception <a 'java/io/IOException'{0x00000007083b0de0}> (0x00000007083b0de0) 
thrown [s\src\hotspot\share\prims\jni.cpp, line 520]
Event: 3437.121 Thread 0x000002461fd26970 Exception <a 'java/io/IOException'{0x00000007083b4070}> (0x00000007083b4070) 
thrown [s\src\hotspot\share\prims\jni.cpp, line 520]
Event: 3437.123 Thread 0x000002461fd26970 Exception <a 'java/io/IOException'{0x00000007083b4cd8}> (0x00000007083b4cd8) 
thrown [s\src\hotspot\share\prims\jni.cpp, line 520]
Event: 5198.020 Thread 0x000002461fd26970 Exception <a 'java/io/IOException'{0x0000000707fc2568}> (0x0000000707fc2568) 
thrown [s\src\hotspot\share\prims\jni.cpp, line 520]
Event: 5198.021 Thread 0x000002461fd26970 Exception <a 'java/io/IOException'{0x0000000707fc31d0}> (0x0000000707fc31d0) 
thrown [s\src\hotspot\share\prims\jni.cpp, line 520]
Event: 5217.279 Thread 0x000002461fd24f30 Exception <a 'java/net/SocketException'{0x0000000707aa5538}: Connection reset by peer: shutdown> (0x0000000707aa5538) 
thrown [s\src\hotspot\share\prims\jni.cpp, line 539]
Event: 5224.146 Thread 0x000002461fd27000 Exception <a 'java/io/IOException'{0x0000000707b4a420}> (0x0000000707b4a420) 
thrown [s\src\hotspot\share\prims\jni.cpp, line 520]
Event: 5224.147 Thread 0x000002461fd27000 Exception <a 'java/io/IOException'{0x0000000707b4b088}> (0x0000000707b4b088) 
thrown [s\src\hotspot\share\prims\jni.cpp, line 520]
Event: 6961.547 Thread 0x000002461fd29df0 Exception <a 'java/io/IOException'{0x000000070799a0d8}> (0x000000070799a0d8) 
thrown [s\src\hotspot\share\prims\jni.cpp, line 520]
Event: 6961.548 Thread 0x000002461fd29df0 Exception <a 'java/io/IOException'{0x000000070799ad40}> (0x000000070799ad40) 
thrown [s\src\hotspot\share\prims\jni.cpp, line 520]

ZGC Phase Switch (0 events):
No events

VM Operations (20 events):
Event: 5821.636 Executing VM operation: get/set locals done
Event: 5821.637 Executing VM operation: get/set locals
Event: 5821.637 Executing VM operation: get/set locals done
Event: 5821.638 Executing VM operation: get/set locals
Event: 5821.638 Executing VM operation: get/set locals done
Event: 5821.638 Executing VM operation: get/set locals
Event: 5821.638 Executing VM operation: get/set locals done
Event: 5821.639 Executing VM operation: get/set locals
Event: 5821.639 Executing VM operation: get/set locals done
Event: 5821.639 Executing VM operation: get/set locals
Event: 5821.639 Executing VM operation: get/set locals done
Event: 5821.640 Executing VM operation: get/set locals
Event: 5821.640 Executing VM operation: get/set locals done
Event: 5821.641 Executing VM operation: get/set locals
Event: 5821.641 Executing VM operation: get/set locals done
Event: 5821.641 Executing VM operation: get/set locals
Event: 5821.641 Executing VM operation: get/set locals done
Event: 6438.507 Executing VM operation: Cleanup
Event: 6438.507 Executing VM operation: Cleanup done
Event: 6961.574 Executing VM operation: G1CollectForAllocation (G1 Evacuation Pause)

Memory protections (0 events):
No events

Nmethod flushes (20 events):
Event: 184.564 Thread 0x000002467fa3c700 flushing  nmethod 0x000002460050a290
Event: 184.564 Thread 0x000002467fa3c700 flushing  nmethod 0x0000024600533b10
Event: 184.564 Thread 0x000002467fa3c700 flushing  nmethod 0x0000024600538410
Event: 184.564 Thread 0x000002467fa3c700 flushing  nmethod 0x0000024600539010
Event: 184.564 Thread 0x000002467fa3c700 flushing  nmethod 0x0000024600539510
Event: 184.564 Thread 0x000002467fa3c700 flushing  nmethod 0x000002460053b490
Event: 184.564 Thread 0x000002467fa3c700 flushing  nmethod 0x0000024600597110
Event: 184.564 Thread 0x000002467fa3c700 flushing  nmethod 0x00000246005a3c90
Event: 184.564 Thread 0x000002467fa3c700 flushing  nmethod 0x00000246005f7a90
Event: 184.564 Thread 0x000002467fa3c700 flushing  nmethod 0x00000246005fba90
Event: 184.564 Thread 0x000002467fa3c700 flushing  nmethod 0x000002460063f810
Event: 184.564 Thread 0x000002467fa3c700 flushing  nmethod 0x00000246006ad210
Event: 184.564 Thread 0x000002467fa3c700 flushing  nmethod 0x0000024600760e90
Event: 184.564 Thread 0x000002467fa3c700 flushing  nmethod 0x00000246007a7190
Event: 184.564 Thread 0x000002467fa3c700 flushing  nmethod 0x00000246007a9190
Event: 184.564 Thread 0x000002467fa3c700 flushing  nmethod 0x00000246007f6a90
Event: 184.564 Thread 0x000002467fa3c700 flushing  nmethod 0x00000246007ffa90
Event: 184.564 Thread 0x000002467fa3c700 flushing  nmethod 0x0000024600807490
Event: 184.564 Thread 0x000002467fa3c700 flushing  nmethod 0x0000024600885f90
Event: 184.564 Thread 0x000002467fa3c700 flushing  nmethod 0x000002460098b390

Events (20 events):
Event: 5210.433 Thread 0x000002461fd26970 Thread exited: 0x000002461fd26970
Event: 5210.476 Thread 0x000002461fd255c0 Thread exited: 0x000002461fd255c0
Event: 5210.833 Thread 0x000002461fd283b0 Thread added: 0x000002461fd24f30
Event: 5210.835 Thread 0x000002461fd24f30 Thread added: 0x000002461fd234f0
Event: 5215.852 Thread 0x000002461fd24f30 Thread exited: 0x000002461fd24f30
Event: 5215.885 Thread 0x000002461fd234f0 Thread exited: 0x000002461fd234f0
Event: 5217.277 Thread 0x000002461fd283b0 Thread added: 0x000002461fd24f30
Event: 5217.279 Thread 0x000002461fd24f30 Thread added: 0x000002461fd23b80
Event: 5222.284 Thread 0x000002461fd24f30 Thread exited: 0x000002461fd24f30
Event: 5222.357 Thread 0x000002461fd23b80 Thread exited: 0x000002461fd23b80
Event: 5224.144 Thread 0x000002461fd283b0 Thread added: 0x000002461fd27000
Event: 5224.149 Thread 0x000002461fd27000 Thread added: 0x000002461fd23b80
Event: 5229.150 Thread 0x000002461fd27000 Thread exited: 0x000002461fd27000
Event: 5229.207 Thread 0x000002461fd23b80 Thread exited: 0x000002461fd23b80
Event: 5229.937 Thread 0x000002461fd283b0 Thread added: 0x000002461fd29df0
Event: 5229.939 Thread 0x000002461fd29df0 Thread added: 0x000002461fd24f30
Event: 5238.131 Thread 0x000002461fd29df0 Thread exited: 0x000002461fd29df0
Event: 5238.187 Thread 0x000002461fd24f30 Thread exited: 0x000002461fd24f30
Event: 6961.542 Thread 0x000002461fd283b0 Thread added: 0x000002461fd29df0
Event: 6961.549 Thread 0x000002461fd29df0 Thread added: 0x000002461fd27d20


Dynamic libraries:
0x00007ff645f40000 - 0x00007ff645f4e000 	C:\Users\Shakti Singh\.p2\pool\plugins\org.eclipse.justj.openjdk.hotspot.jre.full.win32.x86_64_22.0.2.v20240802-1626\jre\bin\javaw.exe
0x00007ff9de390000 - 0x00007ff9de5a7000 	C:\windows\SYSTEM32\ntdll.dll
0x00007ff9dd600000 - 0x00007ff9dd6c4000 	C:\windows\System32\KERNEL32.DLL
0x00007ff9db870000 - 0x00007ff9dbc1d000 	C:\windows\System32\KERNELBASE.dll
0x00007ff9db750000 - 0x00007ff9db861000 	C:\windows\System32\ucrtbase.dll
0x00007ff9bddd0000 - 0x00007ff9bdde7000 	C:\Users\Shakti Singh\.p2\pool\plugins\org.eclipse.justj.openjdk.hotspot.jre.full.win32.x86_64_22.0.2.v20240802-1626\jre\bin\jli.dll
0x00007ff9dd6d0000 - 0x00007ff9dd87e000 	C:\windows\System32\USER32.dll
0x00007ff9dc090000 - 0x00007ff9dc0b6000 	C:\windows\System32\win32u.dll
0x00007ff9de2e0000 - 0x00007ff9de309000 	C:\windows\System32\GDI32.dll
0x00007ff9dbc20000 - 0x00007ff9dbd39000 	C:\windows\System32\gdi32full.dll
0x00007ff9dbd40000 - 0x00007ff9dbdda000 	C:\windows\System32\msvcp_win.dll
0x00007ff9be2e0000 - 0x00007ff9be2fb000 	C:\Users\Shakti Singh\.p2\pool\plugins\org.eclipse.justj.openjdk.hotspot.jre.full.win32.x86_64_22.0.2.v20240802-1626\jre\bin\VCRUNTIME140.dll
0x00007ff9b7160000 - 0x00007ff9b73f3000 	C:\windows\WinSxS\amd64_microsoft.windows.common-controls_6595b64144ccf1df_6.0.22621.3672_none_2713b9d173822955\COMCTL32.dll
0x00007ff9de130000 - 0x00007ff9de1d7000 	C:\windows\System32\msvcrt.dll
0x00007ff9de310000 - 0x00007ff9de341000 	C:\windows\System32\IMM32.DLL
0x00007ff9d77b0000 - 0x00007ff9d77bc000 	C:\Users\Shakti Singh\.p2\pool\plugins\org.eclipse.justj.openjdk.hotspot.jre.full.win32.x86_64_22.0.2.v20240802-1626\jre\bin\vcruntime140_1.dll
0x00007ff9b6e20000 - 0x00007ff9b6eae000 	C:\Users\Shakti Singh\.p2\pool\plugins\org.eclipse.justj.openjdk.hotspot.jre.full.win32.x86_64_22.0.2.v20240802-1626\jre\bin\msvcp140.dll
0x00007ff9465a0000 - 0x00007ff947363000 	C:\Users\Shakti Singh\.p2\pool\plugins\org.eclipse.justj.openjdk.hotspot.jre.full.win32.x86_64_22.0.2.v20240802-1626\jre\bin\server\jvm.dll
0x00007ff9dd210000 - 0x00007ff9dd2c2000 	C:\windows\System32\ADVAPI32.dll
0x00007ff9dd480000 - 0x00007ff9dd529000 	C:\windows\System32\sechost.dll
0x00007ff9db720000 - 0x00007ff9db748000 	C:\windows\System32\bcrypt.dll
0x00007ff9dda40000 - 0x00007ff9ddb54000 	C:\windows\System32\RPCRT4.dll
0x00007ff9dd170000 - 0x00007ff9dd1e1000 	C:\windows\System32\WS2_32.dll
0x00007ff9db580000 - 0x00007ff9db5cd000 	C:\windows\SYSTEM32\POWRPROF.dll
0x00007ff9d4a20000 - 0x00007ff9d4a54000 	C:\windows\SYSTEM32\WINMM.dll
0x00007ff9cd430000 - 0x00007ff9cd43a000 	C:\windows\SYSTEM32\VERSION.dll
0x00007ff9db4b0000 - 0x00007ff9db4c3000 	C:\windows\SYSTEM32\UMPDC.dll
0x00007ff9da6d0000 - 0x00007ff9da6e8000 	C:\windows\SYSTEM32\kernel.appcore.dll
0x00007ff9d6b50000 - 0x00007ff9d6b5a000 	C:\Users\Shakti Singh\.p2\pool\plugins\org.eclipse.justj.openjdk.hotspot.jre.full.win32.x86_64_22.0.2.v20240802-1626\jre\bin\jimage.dll
0x00007ff9d9030000 - 0x00007ff9d9262000 	C:\windows\SYSTEM32\DBGHELP.DLL
0x00007ff9dcaf0000 - 0x00007ff9dce7e000 	C:\windows\System32\combase.dll
0x00007ff9de200000 - 0x00007ff9de2d7000 	C:\windows\System32\OLEAUT32.dll
0x00007ff9cf7f0000 - 0x00007ff9cf822000 	C:\windows\SYSTEM32\dbgcore.DLL
0x00007ff9dbf50000 - 0x00007ff9dbfcb000 	C:\windows\System32\bcryptPrimitives.dll
0x00007ff9bdfc0000 - 0x00007ff9bdffc000 	C:\Users\Shakti Singh\.p2\pool\plugins\org.eclipse.justj.openjdk.hotspot.jre.full.win32.x86_64_22.0.2.v20240802-1626\jre\bin\jdwp.dll
0x00007ff9d6b30000 - 0x00007ff9d6b3f000 	C:\Users\Shakti Singh\.p2\pool\plugins\org.eclipse.justj.openjdk.hotspot.jre.full.win32.x86_64_22.0.2.v20240802-1626\jre\bin\instrument.dll
0x00007ff9bd8e0000 - 0x00007ff9bd8fe000 	C:\Users\Shakti Singh\.p2\pool\plugins\org.eclipse.justj.openjdk.hotspot.jre.full.win32.x86_64_22.0.2.v20240802-1626\jre\bin\java.dll
0x00007ff9dc280000 - 0x00007ff9dcae7000 	C:\windows\System32\SHELL32.dll
0x00007ff9dd2d0000 - 0x00007ff9dd475000 	C:\windows\System32\ole32.dll
0x00007ff9b6f00000 - 0x00007ff9b6f17000 	C:\Users\Shakti Singh\.p2\pool\plugins\org.eclipse.justj.openjdk.hotspot.jre.full.win32.x86_64_22.0.2.v20240802-1626\jre\bin\zip.dll
0x00007ff9d95e0000 - 0x00007ff9d9edf000 	C:\windows\SYSTEM32\windows.storage.dll
0x00007ff9d94a0000 - 0x00007ff9d95df000 	C:\windows\SYSTEM32\wintypes.dll
0x00007ff9dd940000 - 0x00007ff9dda39000 	C:\windows\System32\SHCORE.dll
0x00007ff9ddbf0000 - 0x00007ff9ddc4e000 	C:\windows\System32\shlwapi.dll
0x00007ff9db5e0000 - 0x00007ff9db607000 	C:\windows\SYSTEM32\profapi.dll
0x00007ff9cd450000 - 0x00007ff9cd45c000 	C:\Users\Shakti Singh\.p2\pool\plugins\org.eclipse.justj.openjdk.hotspot.jre.full.win32.x86_64_22.0.2.v20240802-1626\jre\bin\dt_socket.dll
0x00007ff9da180000 - 0x00007ff9da1ad000 	C:\windows\SYSTEM32\IPHLPAPI.DLL
0x00007ff9dab70000 - 0x00007ff9dabd9000 	C:\windows\system32\mswsock.dll
0x00007ff9da1b0000 - 0x00007ff9da2a8000 	C:\windows\SYSTEM32\DNSAPI.dll
0x00007ff9dd530000 - 0x00007ff9dd539000 	C:\windows\System32\NSI.dll
0x00007ff9d6b20000 - 0x00007ff9d6b2a000 	C:\Windows\System32\rasadhlp.dll
0x00007ff9d4d10000 - 0x00007ff9d4d93000 	C:\windows\System32\fwpuclnt.dll
0x00007ff9d1ff0000 - 0x00007ff9d2000000 	C:\Users\Shakti Singh\.p2\pool\plugins\org.eclipse.justj.openjdk.hotspot.jre.full.win32.x86_64_22.0.2.v20240802-1626\jre\bin\net.dll
0x00007ff9b6ee0000 - 0x00007ff9b6ef6000 	C:\Users\Shakti Singh\.p2\pool\plugins\org.eclipse.justj.openjdk.hotspot.jre.full.win32.x86_64_22.0.2.v20240802-1626\jre\bin\nio.dll
0x00007ff9d0930000 - 0x00007ff9d0940000 	C:\Users\Shakti Singh\.p2\pool\plugins\org.eclipse.justj.openjdk.hotspot.jre.full.win32.x86_64_22.0.2.v20240802-1626\jre\bin\verify.dll
0x00007ff9c0ec0000 - 0x00007ff9c0eca000 	C:\Users\Shakti Singh\.p2\pool\plugins\org.eclipse.justj.openjdk.hotspot.jre.full.win32.x86_64_22.0.2.v20240802-1626\jre\bin\management.dll
0x00007ff9c0eb0000 - 0x00007ff9c0ebb000 	C:\Users\Shakti Singh\.p2\pool\plugins\org.eclipse.justj.openjdk.hotspot.jre.full.win32.x86_64_22.0.2.v20240802-1626\jre\bin\management_ext.dll
0x00007ff9dcf80000 - 0x00007ff9dcf88000 	C:\windows\System32\PSAPI.DLL
0x00007ff9c0e20000 - 0x00007ff9c0e2b000 	C:\Users\Shakti Singh\.p2\pool\plugins\org.eclipse.justj.openjdk.hotspot.jre.full.win32.x86_64_22.0.2.v20240802-1626\jre\bin\le.dll
0x00007ff9c8a80000 - 0x00007ff9c8a8e000 	C:\Users\Shakti Singh\.p2\pool\plugins\org.eclipse.justj.openjdk.hotspot.jre.full.win32.x86_64_22.0.2.v20240802-1626\jre\bin\sunmscapi.dll
0x00007ff9dbde0000 - 0x00007ff9dbf46000 	C:\windows\System32\CRYPT32.dll
0x00007ff9daf80000 - 0x00007ff9dafae000 	C:\windows\SYSTEM32\ncrypt.dll
0x00007ff9daf40000 - 0x00007ff9daf77000 	C:\windows\SYSTEM32\NTASN1.dll
0x00007ff9dadc0000 - 0x00007ff9daddb000 	C:\windows\SYSTEM32\CRYPTSP.dll
0x00007ff9da630000 - 0x00007ff9da665000 	C:\windows\system32\rsaenh.dll
0x00007ff9dac60000 - 0x00007ff9dac88000 	C:\windows\SYSTEM32\USERENV.dll
0x00007ff9dade0000 - 0x00007ff9dadec000 	C:\windows\SYSTEM32\CRYPTBASE.dll
0x00007ff9cf830000 - 0x00007ff9cf839000 	C:\Users\Shakti Singh\.p2\pool\plugins\org.eclipse.justj.openjdk.hotspot.jre.full.win32.x86_64_22.0.2.v20240802-1626\jre\bin\extnet.dll
0x00007ff9b70e0000 - 0x00007ff9b70e8000 	C:\windows\system32\wshunix.dll

dbghelp: loaded successfully - version: 4.0.5 - missing functions: none
symbol engine: initialized successfully - sym options: 0x614 - pdb path: .;C:\Users\Shakti Singh\.p2\pool\plugins\org.eclipse.justj.openjdk.hotspot.jre.full.win32.x86_64_22.0.2.v20240802-1626\jre\bin;C:\windows\SYSTEM32;C:\windows\WinSxS\amd64_microsoft.windows.common-controls_6595b64144ccf1df_6.0.22621.3672_none_2713b9d173822955;C:\Users\Shakti Singh\.p2\pool\plugins\org.eclipse.justj.openjdk.hotspot.jre.full.win32.x86_64_22.0.2.v20240802-1626\jre\bin\server

VM Arguments:
jvm_args: -XX:+ShowCodeDetailsInExceptionMessages -agentlib:jdwp=transport=dt_socket,suspend=y,address=localhost:58014 -javaagent:C:\Users\Shakti Singh\eclipse\jee-2024-06\eclipse\configuration\org.eclipse.osgi\448\0\.cp\lib\javaagent-shaded.jar -Dfile.encoding=UTF-8 -Dstdout.encoding=UTF-8 -Dstderr.encoding=UTF-8 
java_command: com.demo.App
java_class_path (initial): C:\Users\Shakti Singh\eclipse-workspace\myfirstprojectsb1\target\classes;C:\Users\Shakti Singh\.m2\repository\org\springframework\boot\spring-boot-starter\3.3.4\spring-boot-starter-3.3.4.jar;C:\Users\Shakti Singh\.m2\repository\org\springframework\boot\spring-boot\3.3.4\spring-boot-3.3.4.jar;C:\Users\Shakti Singh\.m2\repository\org\springframework\spring-context\6.1.13\spring-context-6.1.13.jar;C:\Users\Shakti Singh\.m2\repository\org\springframework\boot\spring-boot-autoconfigure\3.3.4\spring-boot-autoconfigure-3.3.4.jar;C:\Users\Shakti Singh\.m2\repository\org\springframework\boot\spring-boot-starter-logging\3.3.4\spring-boot-starter-logging-3.3.4.jar;C:\Users\Shakti Singh\.m2\repository\ch\qos\logback\logback-classic\1.5.8\logback-classic-1.5.8.jar;C:\Users\Shakti Singh\.m2\repository\ch\qos\logback\logback-core\1.5.8\logback-core-1.5.8.jar;C:\Users\Shakti Singh\.m2\repository\org\apache\logging\log4j\log4j-to-slf4j\2.23.1\log4j-to-slf4j-2.23.1.jar;C:\Users\Shakti Singh\.m2\repository\org\apache\logging\log4j\log4j-api\2.23.1\log4j-api-2.23.1.jar;C:\Users\Shakti Singh\.m2\repository\org\slf4j\jul-to-slf4j\2.0.16\jul-to-slf4j-2.0.16.jar;C:\Users\Shakti Singh\.m2\repository\jakarta\annotation\jakarta.annotation-api\2.1.1\jakarta.annotation-api-2.1.1.jar;C:\Users\Shakti Singh\.m2\repository\org\springframework\spring-core\6.1.13\spring-core-6.1.13.jar;C:\Users\Shakti Singh\.m2\repository\org\springframework\spring-jcl\6.1.13\spring-jcl-6.1.13.jar;C:\Users\Shakti Singh\.m2\repository\org\yaml\snakeyaml\2.2\snakeyaml-2.2.jar;C:\Users\Shakti Singh\.m2\repository\org\springframework\boot\spring-boot-starter-web\3.3.4\spring-boot-starter-web-3.3.4.jar;C:\Users\Shakti Singh\.m2\repository\org\springframework\boot\spring-boot-starter-json\3.3.4\spring-boot-starter-json-3.3.4.jar;C:\Users\Shakti Singh\.m2\repository\com\fasterxml\jackson\core\jackson-databind\2.17.2\jackson-databind-2.17.2.jar;C:\Users\Shakti Singh\.m2\repository\com\fasterxml\jackson\core\jackson-annotations\2.17.2\jackson-annotations-2.17.2.jar;C:\Users\Shakti Singh\.m2\repository\com\fasterxml\jackson\core\jackson-core\2.17.2\jackson-core-2.17.2.jar;C:\Users\Shakti Singh\.m2\repository\com\fasterxml\jackson\datatype\jackson-datatype-jdk8\2.17.2\jackson-datatype-jdk8-2.17.2.jar;C:\Users\Shakti Singh\.m2\repository\com\fasterxml\jackson\datatype\jackson-datatype-jsr310\2.17.2\jackson-datatype-jsr310-2.17.2.jar;C:\Users\Shakti Singh\.m2\repository\com\fasterxml\jackson\module\jackson-module-parameter-names\2.17.2\jackson-module-parameter-names-2.17.2.jar;C:\Users\Shakti Singh\.m2\repository\org\springframework\boot\spring-boot-starter-tomcat\3.3.4\spring-boot-starter-tomcat-3.3.4.jar;C:\Users\Shakti Singh\.m2\repository\org\apache\tomcat\embed\tomcat-embed-core\10.1.30\tomcat-embed-core-10.1.30.jar;C:\Users\Shakti Singh\.m2\repository\org\apache\tomcat\embed\tomcat-embed-el\10.1.30\tomcat-embed-el-10.1.30.jar;C:\Users\Shakti Singh\.m2\repository\org\apache\tomcat\embed\tomcat-embed-websocket\10.1.30\tomcat-embed-websocket-10.1.30.jar;C:\Users\Shakti Singh\.m2\repository\org\springframework\spring-web\6.1.13\spring-web-6.1.13.jar;C:\Users\Shakti Singh\.m2\repository\org\springframework\spring-beans\6.1.13\spring-beans-6.1.13.jar;C:\Users\Shakti Singh\.m2\repository\io\micrometer\micrometer-observation\1.12.10\micrometer-observation-1.12.10.jar;C:\Users\Shakti Singh\.m2\repository\io\micrometer\micrometer-commons\1.12.10\micrometer-commons-1.12.10.jar;C:\Users\Shakti Singh\.m2\repository\org\springframework\spring-webmvc\6.1.13\spring-webmvc-6.1.13.jar;C:\Users\Shakti Singh\.m2\repository\org\springframework\spring-aop\6.1.13\spring-aop-6.1.13.jar;C:\Users\Shakti Singh\.m2\repository\org\springframework\spring-expression\6.1.13\spring-expression-6.1.13.jar;C:\Users\Shakti Singh\.m2\repository\org\projectlombok\lombok-maven-plugin\1.18.20.0\lombok-maven-plugin-1.18.20.0.jar;C:\Users\Shakti Singh\.m2\repository\org\apache\commons\commons-lang3\3.8.1\commons-lang3-3.8.1.jar;C:\Users\Shakti Singh\.m2\repository\org\sonatype\plexus\plexus-build-api\0.0.7\plexus-build-api-0.0.7.jar;C:\Users\Shakti Singh\.m2\repository\org\codehaus\plexus\plexus-utils\1.5.8\plexus-utils-1.5.8.jar;C:\Users\Shakti Singh\.m2\repository\com\mysql\mysql-connector-j\9.0.0\mysql-connector-j-9.0.0.jar;C:\Users\Shakti Singh\.m2\repository\com\google\protobuf\protobuf-java\4.26.1\protobuf-java-4.26.1.jar;C:\Users\Shakti Singh\.m2\repository\org\projectlombok\lombok\1.18.34\lombok-1.18.34.jar;C:\Users\Shakti Singh\.m2\repository\org\springframework\boot\spring-boot-starter-data-jpa\3.3.4\spring-boot-starter-data-jpa-3.3.4.jar;C:\Users\Shakti Singh\.m2\repository\org\springframework\boot\spring-boot-starter-aop\3.3.4\spring-boot-starter-aop-3.3.4.jar;C:\Users\Shakti Singh\.m2\repository\org\aspectj\aspectjweaver\1.9.22.1\aspectjweaver-1.9.22.1.jar;C:\Users\Shakti Singh\.m2\repository\org\springframework\boot\spring-boot-starter-jdbc\3.3.4\spring-boot-starter-jdbc-3.3.4.jar;C:\Users\Shakti Singh\.m2\repository\com\zaxxer\HikariCP\5.1.0\HikariCP-5.1.0.jar;C:\Users\Shakti Singh\.m2\repository\org\springframework\spring-jdbc\6.1.13\spring-jdbc-6.1.13.jar;C:\Users\Shakti Singh\.m2\repository\org\hibernate\orm\hibernate-core\6.5.3.Final\hibernate-core-6.5.3.Final.jar;C:\Users\Shakti Singh\.m2\repository\jakarta\persistence\jakarta.persistence-api\3.1.0\jakarta.persistence-api-3.1.0.jar;C:\Users\Shakti Singh\.m2\repository\jakarta\transaction\jakarta.transaction-api\2.0.1\jakarta.transaction-api-2.0.1.jar;C:\Users\Shakti Singh\.m2\repository\org\jboss\logging\jboss-logging\3.5.0.Final\jboss-logging-3.5.0.Final.jar;C:\Users\Shakti Singh\.m2\repository\org\hibernate\common\hibernate-commons-annotations\6.0.6.Final\hibernate-commons-annotations-6.0.6.Final.jar;C:\Users\Shakti Singh\.m2\repository\io\smallrye\jandex\3.1.2\jandex-3.1.2.jar;C:\Users\Shakti Singh\.m2\repository\com\fasterxml\classmate\1.5.1\classmate-1.5.1.jar;C:\Users\Shakti Singh\.m2\repository\net\bytebuddy\byte-buddy\1.14.15\byte-buddy-1.14.15.jar;C:\Users\Shakti Singh\.m2\repository\jakarta\xml\bind\jakarta.xml.bind-api\4.0.0\jakarta.xml.bind-api-4.0.0.jar;C:\Users\Shakti Singh\.m2\repository\jakarta\activation\jakarta.activation-api\2.1.0\jakarta.activation-api-2.1.0.jar;C:\Users\Shakti Singh\.m2\repository\org\glassfish\jaxb\jaxb-runtime\4.0.2\jaxb-runtime-4.0.2.jar;C:\Users\Shakti Singh\.m2\repository\org\glassfish\jaxb\jaxb-core\4.0.2\jaxb-core-4.0.2.jar;C:\Users\Shakti Singh\.m2\repository\org\eclipse\angus\angus-activation\2.0.0\angus-activation-2.0.0.jar;C:\Users\Shakti Singh\.m2\repository\org\glassfish\jaxb\txw2\4.0.2\txw2-4.0.2.jar;C:\Users\Shakti Singh\.m2\repository\com\sun\istack\istack-commons-runtime\4.1.1\istack-commons-runtime-4.1.1.jar;C:\Users\Shakti Singh\.m2\repository\jakarta\inject\jakarta.inject-api\2.0.1\jakarta.inject-api-2.0.1.jar;C:\Users\Shakti Singh\.m2\repository\org\antlr\antlr4-runtime\4.13.0\antlr4-runtime-4.13.0.jar;C:\Users\Shakti Singh\.m2\repository\org\springframework\data\spring-data-jpa\3.3.4\spring-data-jpa-3.3.4.jar;C:\Users\Shakti Singh\.m2\repository\org\springframework\data\spring-data-commons\3.3.4\spring-data-commons-3.3.4.jar;C:\Users\Shakti Singh\.m2\repository\org\springframework\spring-orm\6.1.13\spring-orm-6.1.13.jar;C:\Users\Shakti Singh\.m2\repository\org\springframework\spring-tx\6.1.13\spring-tx-6.1.13.jar;C:\Users\Shakti Singh\.m2\repository\org\slf4j\slf4j-api\2.0.2\slf4j-api-2.0.2.jar;C:\Users\Shakti Singh\.m2\repository\org\springframework\spring-aspects\6.1.13\spring-aspects-6.1.13.jar;C:\Users\Shakti Singh\.m2\repository\org\springframework\boot\spring-boot-devtools\3.3.4\spring-boot-devtools-3.3.4.jar
Launcher Type: SUN_STANDARD

[Global flags]
     intx CICompilerCount                          = 4                                         {product} {ergonomic}
     uint ConcGCThreads                            = 3                                         {product} {ergonomic}
     uint G1ConcRefinementThreads                  = 10                                        {product} {ergonomic}
   size_t G1HeapRegionSize                         = 2097152                                   {product} {ergonomic}
   size_t InitialHeapSize                          = 264241152                                 {product} {ergonomic}
   size_t MarkStackSize                            = 4194304                                   {product} {ergonomic}
   size_t MaxHeapSize                              = 4208984064                                {product} {ergonomic}
   size_t MaxNewSize                               = 2524971008                                {product} {ergonomic}
   size_t MinHeapDeltaBytes                        = 2097152                                   {product} {ergonomic}
   size_t MinHeapSize                              = 8388608                                   {product} {ergonomic}
    uintx NonNMethodCodeHeapSize                   = 5839372                                {pd product} {ergonomic}
    uintx NonProfiledCodeHeapSize                  = 122909434                              {pd product} {ergonomic}
    uintx ProfiledCodeHeapSize                     = 122909434                              {pd product} {ergonomic}
    uintx ReservedCodeCacheSize                    = 251658240                              {pd product} {ergonomic}
     bool SegmentedCodeCache                       = true                                      {product} {ergonomic}
     bool ShowCodeDetailsInExceptionMessages       = true                                   {manageable} {command line}
   size_t SoftMaxHeapSize                          = 4208984064                             {manageable} {ergonomic}
     bool UseCompressedOops                        = true                           {product lp64_product} {ergonomic}
     bool UseG1GC                                  = true                                      {product} {ergonomic}
     bool UseLargePagesIndividualAllocation        = false                                  {pd product} {ergonomic}

Logging:
Log output configuration:
 #0: stdout all=warning uptime,level,tags foldmultilines=false
 #1: stderr all=off uptime,level,tags foldmultilines=false

Environment Variables:
PATH=C:\Users\Shakti Singh\.p2\pool\plugins\org.eclipse.justj.openjdk.hotspot.jre.full.win32.x86_64_22.0.2.v20240802-1626\jre\bin;C:/Users/Shakti Singh/.p2/pool/plugins/org.eclipse.justj.openjdk.hotspot.jre.full.win32.x86_64_22.0.2.v20240802-1626/jre/bin/server;C:/Users/Shakti Singh/.p2/pool/plugins/org.eclipse.justj.openjdk.hotspot.jre.full.win32.x86_64_22.0.2.v20240802-1626/jre/bin;C:\Program Files\Common Files\Oracle\Java\javapath;C:\windows\system32;C:\windows;C:\windows\System32\Wbem;C:\windows\System32\WindowsPowerShell\v1.0\;C:\windows\System32\OpenSSH\;C:\Users\Shakti Singh\Downloads\apache-maven-3.9.9-bin\apache-maven-3.9.9\bin;C:\Users\Shakti Singh\Downloads\apache-tomcat-9.0.93-windows-x64\apache-tomcat-9.0.93\bin;C:\Program Files\Git\cmd;C:\Program Files\MySQL\MySQL Shell 8.0\bin\;C:\Users\Shakti Singh\AppData\Local\Microsoft\WindowsApps;C:\Program Files\JetBrains\IntelliJ IDEA 2024.2\bin;;C:\Program Files\JetBrains\IntelliJ IDEA Community Edition 2024.2.0.2\bin;;C:\Users\Shakti Singh\AppData\Local\GitHubDesktop\bin;C:\Users\Shakti Singh\Desktop;
USERNAME=Shakti Singh
OS=Windows_NT
PROCESSOR_IDENTIFIER=Intel64 Family 6 Model 154 Stepping 4, GenuineIntel
TMP=C:\Users\SHAKTI~1\AppData\Local\Temp
TEMP=C:\Users\SHAKTI~1\AppData\Local\Temp




Periodic native trim disabled

---------------  S Y S T E M  ---------------

OS:
 Windows 11 , 64 bit Build 22621 (10.0.22621.3958)
OS uptime: 16 days 3:02 hours
Hyper-V role detected

CPU: total 12 (initial active 12) (6 cores per cpu, 2 threads per core) family 6 model 154 stepping 4 microcode 0x42c, cx8, cmov, fxsr, ht, mmx, 3dnowpref, sse, sse2, sse3, ssse3, sse4.1, sse4.2, popcnt, lzcnt, tsc, tscinvbit, avx, avx2, aes, erms, clmul, bmi1, bmi2, adx, sha, fma, vzeroupper, clflush, clflushopt, clwb, hv, serialize, rdtscp, rdpid, fsrm, f16c, cet_ibt, cet_ss
Processor Information for processor 0
  Max Mhz: 1300, Current Mhz: 1300, Mhz Limit: 1300
Processor Information for processor 1
  Max Mhz: 1300, Current Mhz: 1300, Mhz Limit: 1300
Processor Information for processor 2
  Max Mhz: 1300, Current Mhz: 1300, Mhz Limit: 1300
Processor Information for processor 3
  Max Mhz: 1300, Current Mhz: 1300, Mhz Limit: 1300
Processor Information for processor 4
  Max Mhz: 1300, Current Mhz: 900, Mhz Limit: 897
Processor Information for processor 5
  Max Mhz: 1300, Current Mhz: 900, Mhz Limit: 897
Processor Information for processor 6
  Max Mhz: 1300, Current Mhz: 900, Mhz Limit: 897
Processor Information for processor 7
  Max Mhz: 1300, Current Mhz: 900, Mhz Limit: 897
Processor Information for processor 8
  Max Mhz: 1300, Current Mhz: 900, Mhz Limit: 897
Processor Information for processor 9
  Max Mhz: 1300, Current Mhz: 900, Mhz Limit: 897
Processor Information for processor 10
  Max Mhz: 1300, Current Mhz: 900, Mhz Limit: 897
Processor Information for processor 11
  Max Mhz: 1300, Current Mhz: 900, Mhz Limit: 897

Memory: 4k page, system-wide physical 16052M (4015M free)
TotalPageFile size 22831M (AvailPageFile size 3725M)
current process WorkingSet (physical memory assigned to process): 246M, peak: 398M
current process commit charge ("private bytes"): 324M, peak: 428M

vm_info: OpenJDK 64-Bit Server VM (22.0.2+9) for windows-amd64 JRE (22.0.2+9), built on 2024-07-16T00:00:00Z by "admin" with MS VC++ 17.7 (VS2022)

END.
